<?xml version="1.0" encoding="UTF-8"?>
<testng-results ignored="0" total="3" passed="3" failed="0" skipped="0">
  <reporter-output>
  </reporter-output>
  <suite started-at="2024-10-09T13:50:28 IST" name="AmazonSuite" finished-at="2024-10-09T13:50:55 IST" duration-ms="27040">
    <groups>
    </groups>
    <test started-at="2024-10-09T13:50:28 IST" name="FirefoxTest" finished-at="2024-10-09T13:50:53 IST" duration-ms="24977">
      <class name="com.tutorialninja.testcases.amazon">
        <test-method signature="browserTest(java.lang.String)[pri:0, instance:com.tutorialninja.testcases.amazon@1cf6d1be]" started-at="2024-10-09T13:50:28 IST" name="browserTest" finished-at="2024-10-09T13:50:53 IST" duration-ms="24892" status="PASS">
          <params>
            <param index="0">
              <value>
                <![CDATA[firefox]]>
              </value>
            </param>
          </params>
          <reporter-output>
          </reporter-output>
        </test-method> <!-- browserTest -->
      </class> <!-- com.tutorialninja.testcases.amazon -->
    </test> <!-- FirefoxTest -->
    <test started-at="2024-10-09T13:50:28 IST" name="ChromeTest" finished-at="2024-10-09T13:50:55 IST" duration-ms="26857">
      <class name="com.tutorialninja.testcases.amazon">
        <test-method signature="browserTest(java.lang.String)[pri:0, instance:com.tutorialninja.testcases.amazon@5a45133e]" started-at="2024-10-09T13:50:28 IST" name="browserTest" finished-at="2024-10-09T13:50:55 IST" duration-ms="26772" status="PASS">
          <params>
            <param index="0">
              <value>
                <![CDATA[chrome]]>
              </value>
            </param>
          </params>
          <reporter-output>
          </reporter-output>
        </test-method> <!-- browserTest -->
      </class> <!-- com.tutorialninja.testcases.amazon -->
    </test> <!-- ChromeTest -->
    <test started-at="2024-10-09T13:50:28 IST" name="EdgeTest" finished-at="2024-10-09T13:50:55 IST" duration-ms="27040">
      <class name="com.tutorialninja.testcases.amazon">
        <test-method signature="browserTest(java.lang.String)[pri:0, instance:com.tutorialninja.testcases.amazon@19e4653c]" started-at="2024-10-09T13:50:28 IST" name="browserTest" finished-at="2024-10-09T13:50:55 IST" duration-ms="26953" status="PASS">
          <params>
            <param index="0">
              <value>
                <![CDATA[edge]]>
              </value>
            </param>
          </params>
          <reporter-output>
          </reporter-output>
        </test-method> <!-- browserTest -->
      </class> <!-- com.tutorialninja.testcases.amazon -->
    </test> <!-- EdgeTest -->
  </suite> <!-- AmazonSuite -->
</testng-results>
